Using pre-set license
Built from '2020.3/staging' branch; Version is '2020.3.28f1 (f5400f52e03f) revision 16072719'; Using compiler version '192528614'; Build Type 'Release'
OS: 'Windows 10  (10.0.19044) 64bit Professional' Language: 'en' Physical Memory: 32692 MB
BatchMode: 1, IsHumanControllingUs: 0, StartBugReporterOnCrash: 0, Is64bit: 1, IsPro: 0

COMMAND LINE ARGUMENTS:
D:\uniter\2020.3.28f1\Editor\Unity.exe
-adb2
-batchMode
-noUpm
-name
AssetImportWorker1
-projectPath
T:/uniteer/qx1
-logFile
Logs/AssetImportWorker1.log
-srvPort
64132
Successfully changed project path to: T:/uniteer/qx1
T:/uniteer/qx1
Using Asset Import Pipeline V2.
Refreshing native plugins compatible for Editor in 75.20 ms, found 2 plugins.
Preloading 0 native plugins for Editor in 0.00 ms.
Initialize engine version: 2020.3.28f1 (f5400f52e03f)
[Subsystems] Discovering subsystems at path D:/uniter/2020.3.28f1/Editor/Data/Resources/UnitySubsystems
[Subsystems] Discovering subsystems at path T:/uniteer/qx1/Assets
GfxDevice: creating device client; threaded=0
Direct3D:
    Version:  Direct3D 11.0 [level 11.1]
    Renderer: AMD Radeon HD 7700 Series (ID=0x683d)
    Vendor:   
    VRAM:     1003 MB
    Driver:   27.20.1034.6
Initialize mono
Mono path[0] = 'D:/uniter/2020.3.28f1/Editor/Data/Managed'
Mono path[1] = 'D:/uniter/2020.3.28f1/Editor/Data/MonoBleedingEdge/lib/mono/unityjit'
Mono config path = 'D:/uniter/2020.3.28f1/Editor/Data/MonoBleedingEdge/etc'
Using monoOptions --debugger-agent=transport=dt_socket,embedding=1,server=y,suspend=n,address=127.0.0.1:56476
Begin MonoManager ReloadAssembly
Registering precompiled unity dll's ...
Register platform support module: D:/uniter/2020.3.28f1/Editor/Data/PlaybackEngines/WindowsStandaloneSupport/UnityEditor.WindowsStandalone.Extensions.dll
Registered in 0.001273 seconds.
Native extension for WindowsStandalone target not found
Refreshing native plugins compatible for Editor in 70.90 ms, found 2 plugins.
Preloading 0 native plugins for Editor in 0.00 ms.
Mono: successfully reloaded assembly
- Completed reload, in  0.644 seconds
Domain Reload Profiling:
	ReloadAssembly (645ms)
		BeginReloadAssembly (60ms)
			ExecutionOrderSort (0ms)
			DisableScriptedObjects (0ms)
			BackupInstance (0ms)
			ReleaseScriptingObjects (0ms)
			CreateAndSetChildDomain (1ms)
		EndReloadAssembly (512ms)
			LoadAssemblies (59ms)
			RebuildTransferFunctionScriptingTraits (0ms)
			SetupTypeCache (154ms)
			ReleaseScriptCaches (0ms)
			RebuildScriptCaches (31ms)
			SetupLoadedEditorAssemblies (231ms)
				LogAssemblyErrors (0ms)
				InitializePlatformSupportModulesInManaged (4ms)
				SetLoadedEditorAssemblies (0ms)
				RefreshPlugins (71ms)
				BeforeProcessingInitializeOnLoad (13ms)
				ProcessInitializeOnLoadAttributes (109ms)
				ProcessInitializeOnLoadMethodAttributes (33ms)
				AfterProcessingInitializeOnLoad (0ms)
				EditorAssembliesLoaded (0ms)
			ExecutionOrderSort2 (0ms)
			AwakeInstancesAfterBackupRestoration (0ms)
Platform modules already initialized, skipping
Registering precompiled user dll's ...
Registered in 0.011687 seconds.
Begin MonoManager ReloadAssembly
Native extension for WindowsStandalone target not found
Refreshing native plugins compatible for Editor in 72.63 ms, found 2 plugins.
Preloading 0 native plugins for Editor in 0.00 ms.
Mono: successfully reloaded assembly
- Completed reload, in  3.970 seconds
Domain Reload Profiling:
	ReloadAssembly (3976ms)
		BeginReloadAssembly (162ms)
			ExecutionOrderSort (0ms)
			DisableScriptedObjects (6ms)
			BackupInstance (0ms)
			ReleaseScriptingObjects (0ms)
			CreateAndSetChildDomain (26ms)
		EndReloadAssembly (3751ms)
			LoadAssemblies (294ms)
			RebuildTransferFunctionScriptingTraits (0ms)
			SetupTypeCache (1088ms)
			ReleaseScriptCaches (1ms)
			RebuildScriptCaches (76ms)
			SetupLoadedEditorAssemblies (1217ms)
				LogAssemblyErrors (0ms)
				InitializePlatformSupportModulesInManaged (3ms)
				SetLoadedEditorAssemblies (0ms)
				RefreshPlugins (73ms)
				BeforeProcessingInitializeOnLoad (89ms)
				ProcessInitializeOnLoadAttributes (404ms)
				ProcessInitializeOnLoadMethodAttributes (645ms)
				AfterProcessingInitializeOnLoad (3ms)
				EditorAssembliesLoaded (0ms)
			ExecutionOrderSort2 (0ms)
			AwakeInstancesAfterBackupRestoration (7ms)
Platform modules already initialized, skipping
========================================================================
Worker process is ready to serve import requests
Launched and connected shader compiler UnityShaderCompiler.exe after 0.09 seconds
Refreshing native plugins compatible for Editor in 0.84 ms, found 2 plugins.
Preloading 0 native plugins for Editor in 0.00 ms.
Unloading 3487 Unused Serialized files (Serialized files now loaded: 0)
System memory in use before: 203.2 MB.
System memory in use after: 203.4 MB.

Unloading 35 unused Assets to reduce memory usage. Loaded Objects now: 3965.
Total: 4.260600 ms (FindLiveObjects: 0.466100 ms CreateObjectMapping: 0.146600 ms MarkObjects: 3.611400 ms  DeleteObjects: 0.035400 ms)

AssetImportParameters requested are different than current active one (requested -> active):
  custom:framework-win-MediaFoundation: 216162199b28c13a410421893ffa2e32 -> 
  custom:video-decoder-ogg-theora: a1e56fd34408186e4bbccfd4996cb3dc -> 
  custom:container-muxer-webm: aa71ff27fc2769a1b78a27578f13a17b -> 
  custom:container-demuxer-webm: 4f35f7cbe854078d1ac9338744f61a02 -> 
  custom:container-demuxer-ogg: 62fdf1f143b41e24485cea50d1cbac27 -> 
  custom:video-encoder-webm-vp8: eb34c28f22e8b96e1ab97ce403110664 -> 
  custom:video-decoder-webm-vp8: 9c59270c3fd7afecdb556c50c9e8de78 -> 
  custom:audio-decoder-ogg-vorbis: bf7c407c2cedff20999df2af8eb42d56 -> 
  custom:audio-encoder-webm-vorbis: bf7c407c2cedff20999df2af8eb42d56 -> 
========================================================================
Received Import Request.
  path: Assets/buildings/imports/TEKSTING.fbx
  artifactKey: Guid(a1ed7ce4db1507446ac49e209924492b) Importer(815301076,1909f56bfc062723c751e8b465ee728b)
Start importing Assets/buildings/imports/TEKSTING.fbx using Guid(a1ed7ce4db1507446ac49e209924492b) Importer(815301076,1909f56bfc062723c751e8b465ee728b)  -> (artifact id: '504802ef8d4dabcf22d369edc9558b84') in 0.469514 seconds 
  Import took 0.474968 seconds .

========================================================================
Received Import Request.
  Time since last request: 35.655960 seconds.
  path: Assets/shaders/textures/tmainex 2.png
  artifactKey: Guid(0f06011839534a14e8c2fd97a98cb896) Importer(815301076,1909f56bfc062723c751e8b465ee728b)
Start importing Assets/shaders/textures/tmainex 2.png using Guid(0f06011839534a14e8c2fd97a98cb896) Importer(815301076,1909f56bfc062723c751e8b465ee728b)  -> (artifact id: 'f32f60d80cc2e5eebb3b25cc4d3b5995') in 0.028146 seconds 
  Import took 0.033202 seconds .

========================================================================
Received Prepare
Registering precompiled user dll's ...
Registered in 0.009107 seconds.
Begin MonoManager ReloadAssembly
Native extension for WindowsStandalone target not found
Refreshing native plugins compatible for Editor in 0.77 ms, found 2 plugins.
Preloading 0 native plugins for Editor in 0.00 ms.
Mono: successfully reloaded assembly
- Completed reload, in  2.031 seconds
Domain Reload Profiling:
	ReloadAssembly (2032ms)
		BeginReloadAssembly (134ms)
			ExecutionOrderSort (0ms)
			DisableScriptedObjects (7ms)
			BackupInstance (0ms)
			ReleaseScriptingObjects (0ms)
			CreateAndSetChildDomain (39ms)
		EndReloadAssembly (1841ms)
			LoadAssemblies (101ms)
			RebuildTransferFunctionScriptingTraits (0ms)
			SetupTypeCache (341ms)
			ReleaseScriptCaches (2ms)
			RebuildScriptCaches (65ms)
			SetupLoadedEditorAssemblies (334ms)
				LogAssemblyErrors (0ms)
				InitializePlatformSupportModulesInManaged (3ms)
				SetLoadedEditorAssemblies (0ms)
				RefreshPlugins (1ms)
				BeforeProcessingInitializeOnLoad (95ms)
				ProcessInitializeOnLoadAttributes (205ms)
				ProcessInitializeOnLoadMethodAttributes (26ms)
				AfterProcessingInitializeOnLoad (3ms)
				EditorAssembliesLoaded (0ms)
			ExecutionOrderSort2 (0ms)
			AwakeInstancesAfterBackupRestoration (17ms)
Platform modules already initialized, skipping
Refreshing native plugins compatible for Editor in 0.77 ms, found 2 plugins.
Preloading 0 native plugins for Editor in 0.00 ms.
Unloading 3330 Unused Serialized files (Serialized files now loaded: 0)
System memory in use before: 196.3 MB.
System memory in use after: 196.5 MB.

Unloading 31 unused Assets to reduce memory usage. Loaded Objects now: 4052.
Total: 3.487200 ms (FindLiveObjects: 0.309200 ms CreateObjectMapping: 0.085500 ms MarkObjects: 3.064100 ms  DeleteObjects: 0.027500 ms)

AssetImportParameters requested are different than current active one (requested -> active):
  custom:framework-win-MediaFoundation: 216162199b28c13a410421893ffa2e32 -> 
  custom:video-decoder-ogg-theora: a1e56fd34408186e4bbccfd4996cb3dc -> 
  custom:container-muxer-webm: aa71ff27fc2769a1b78a27578f13a17b -> 
  custom:container-demuxer-webm: 4f35f7cbe854078d1ac9338744f61a02 -> 
  custom:container-demuxer-ogg: 62fdf1f143b41e24485cea50d1cbac27 -> 
  custom:video-encoder-webm-vp8: eb34c28f22e8b96e1ab97ce403110664 -> 
  custom:video-decoder-webm-vp8: 9c59270c3fd7afecdb556c50c9e8de78 -> 
  custom:audio-decoder-ogg-vorbis: bf7c407c2cedff20999df2af8eb42d56 -> 
  custom:audio-encoder-webm-vorbis: bf7c407c2cedff20999df2af8eb42d56 -> 
========================================================================
Received Import Request.
  Time since last request: 555.298341 seconds.
  path: Assets/shaders/textures/tmainex 2.png
  artifactKey: Guid(0f06011839534a14e8c2fd97a98cb896) Importer(815301076,1909f56bfc062723c751e8b465ee728b)
Start importing Assets/shaders/textures/tmainex 2.png using Guid(0f06011839534a14e8c2fd97a98cb896) Importer(815301076,1909f56bfc062723c751e8b465ee728b)  -> (artifact id: '6e1310fd8b957afe1e1e425698892786') in 0.040345 seconds 
  Import took 0.046355 seconds .

========================================================================
Received Import Request.
  Time since last request: 5.469566 seconds.
  path: Assets/shaders/textures/tmainex 2.png
  artifactKey: Guid(0f06011839534a14e8c2fd97a98cb896) Importer(815301076,1909f56bfc062723c751e8b465ee728b)
Start importing Assets/shaders/textures/tmainex 2.png using Guid(0f06011839534a14e8c2fd97a98cb896) Importer(815301076,1909f56bfc062723c751e8b465ee728b)  -> (artifact id: '95d47660f5cc9c2514c68606c612f294') in 0.006448 seconds 
  Import took 0.011711 seconds .

========================================================================
Received Import Request.
  Time since last request: 8.630423 seconds.
  path: Assets/shaders/textures/tmainex 2.png
  artifactKey: Guid(0f06011839534a14e8c2fd97a98cb896) Importer(815301076,1909f56bfc062723c751e8b465ee728b)
Start importing Assets/shaders/textures/tmainex 2.png using Guid(0f06011839534a14e8c2fd97a98cb896) Importer(815301076,1909f56bfc062723c751e8b465ee728b)  -> (artifact id: 'b3cbb9944cc42fc0d38dc626bddbd386') in 0.008712 seconds 
  Import took 0.014060 seconds .

========================================================================
Received Import Request.
  Time since last request: 77.258832 seconds.
  path: Assets/buildings/building.prefab
  artifactKey: Guid(4a063165b58158846a095392b42a00f9) Importer(815301076,1909f56bfc062723c751e8b465ee728b)
Start importing Assets/buildings/building.prefab using Guid(4a063165b58158846a095392b42a00f9) Importer(815301076,1909f56bfc062723c751e8b465ee728b)  -> (artifact id: '3f67cc3e7abad5e8562611814b1fc3e0') in 0.451625 seconds 
  Import took 0.457688 seconds .

========================================================================
Received Import Request.
  Time since last request: 117.595868 seconds.
  path: Assets/buildings/building.prefab
  artifactKey: Guid(4a063165b58158846a095392b42a00f9) Importer(815301076,1909f56bfc062723c751e8b465ee728b)
Start importing Assets/buildings/building.prefab using Guid(4a063165b58158846a095392b42a00f9) Importer(815301076,1909f56bfc062723c751e8b465ee728b)  -> (artifact id: '833ae49a9a5652c4f9a17d538c61a9fd') in 0.129624 seconds 
  Import took 0.155271 seconds .

========================================================================
Received Prepare
Registering precompiled user dll's ...
Registered in 0.009154 seconds.
Begin MonoManager ReloadAssembly
Native extension for WindowsStandalone target not found
Refreshing native plugins compatible for Editor in 0.90 ms, found 2 plugins.
Preloading 0 native plugins for Editor in 0.00 ms.
Mono: successfully reloaded assembly
- Completed reload, in  2.030 seconds
Domain Reload Profiling:
	ReloadAssembly (2031ms)
		BeginReloadAssembly (126ms)
			ExecutionOrderSort (0ms)
			DisableScriptedObjects (7ms)
			BackupInstance (0ms)
			ReleaseScriptingObjects (0ms)
			CreateAndSetChildDomain (43ms)
		EndReloadAssembly (1846ms)
			LoadAssemblies (104ms)
			RebuildTransferFunctionScriptingTraits (0ms)
			SetupTypeCache (347ms)
			ReleaseScriptCaches (2ms)
			RebuildScriptCaches (65ms)
			SetupLoadedEditorAssemblies (322ms)
				LogAssemblyErrors (0ms)
				InitializePlatformSupportModulesInManaged (3ms)
				SetLoadedEditorAssemblies (1ms)
				RefreshPlugins (1ms)
				BeforeProcessingInitializeOnLoad (97ms)
				ProcessInitializeOnLoadAttributes (193ms)
				ProcessInitializeOnLoadMethodAttributes (24ms)
				AfterProcessingInitializeOnLoad (3ms)
				EditorAssembliesLoaded (0ms)
			ExecutionOrderSort2 (0ms)
			AwakeInstancesAfterBackupRestoration (19ms)
Platform modules already initialized, skipping
Refreshing native plugins compatible for Editor in 0.83 ms, found 2 plugins.
Preloading 0 native plugins for Editor in 0.00 ms.
Unloading 3330 Unused Serialized files (Serialized files now loaded: 0)
System memory in use before: 196.6 MB.
System memory in use after: 196.8 MB.

Unloading 31 unused Assets to reduce memory usage. Loaded Objects now: 4091.
Total: 4.053200 ms (FindLiveObjects: 0.348700 ms CreateObjectMapping: 0.090100 ms MarkObjects: 3.581700 ms  DeleteObjects: 0.031700 ms)

AssetImportParameters requested are different than current active one (requested -> active):
  custom:framework-win-MediaFoundation: 216162199b28c13a410421893ffa2e32 -> 
  custom:video-decoder-ogg-theora: a1e56fd34408186e4bbccfd4996cb3dc -> 
  custom:container-muxer-webm: aa71ff27fc2769a1b78a27578f13a17b -> 
  custom:container-demuxer-webm: 4f35f7cbe854078d1ac9338744f61a02 -> 
  custom:container-demuxer-ogg: 62fdf1f143b41e24485cea50d1cbac27 -> 
  custom:video-encoder-webm-vp8: eb34c28f22e8b96e1ab97ce403110664 -> 
  custom:video-decoder-webm-vp8: 9c59270c3fd7afecdb556c50c9e8de78 -> 
  custom:audio-decoder-ogg-vorbis: bf7c407c2cedff20999df2af8eb42d56 -> 
  custom:audio-encoder-webm-vorbis: bf7c407c2cedff20999df2af8eb42d56 -> 
========================================================================
Received Import Request.
  Time since last request: 71.563055 seconds.
  path: Assets/buildings/building.prefab
  artifactKey: Guid(4a063165b58158846a095392b42a00f9) Importer(815301076,1909f56bfc062723c751e8b465ee728b)
Start importing Assets/buildings/building.prefab using Guid(4a063165b58158846a095392b42a00f9) Importer(815301076,1909f56bfc062723c751e8b465ee728b)  -> (artifact id: '9d8e8bf73b44333d5586de0aeb6fe86f') in 0.343240 seconds 
  Import took 0.349900 seconds .

========================================================================
Received Import Request.
  Time since last request: 5.613020 seconds.
  path: Assets/shaders/textures/tmainex 2.png
  artifactKey: Guid(0f06011839534a14e8c2fd97a98cb896) Importer(815301076,1909f56bfc062723c751e8b465ee728b)
Start importing Assets/shaders/textures/tmainex 2.png using Guid(0f06011839534a14e8c2fd97a98cb896) Importer(815301076,1909f56bfc062723c751e8b465ee728b)  -> (artifact id: '69e4fced784054e9e9f88264e8673917') in 0.010022 seconds 
  Import took 0.015171 seconds .

========================================================================
Received Import Request.
  Time since last request: 206.255217 seconds.
  path: Assets/buildings/imports/kucica.fbx
  artifactKey: Guid(6d9bc90e23eec924eadb3bd33fe40feb) Importer(815301076,1909f56bfc062723c751e8b465ee728b)
Start importing Assets/buildings/imports/kucica.fbx using Guid(6d9bc90e23eec924eadb3bd33fe40feb) Importer(815301076,1909f56bfc062723c751e8b465ee728b)  -> (artifact id: '58c832dcabb04cdc5a911627e489e4c8') in 0.059719 seconds 
  Import took 0.065093 seconds .

========================================================================
Received Import Request.
  Time since last request: 112.031380 seconds.
  path: Assets/buildings/imports/kucica.fbx
  artifactKey: Guid(6d9bc90e23eec924eadb3bd33fe40feb) Importer(815301076,1909f56bfc062723c751e8b465ee728b)
Start importing Assets/buildings/imports/kucica.fbx using Guid(6d9bc90e23eec924eadb3bd33fe40feb) Importer(815301076,1909f56bfc062723c751e8b465ee728b)  -> (artifact id: '3f898b7c02dc81f9e0fef607ada75b6e') in 0.031718 seconds 
  Import took 0.037428 seconds .

========================================================================
Received Import Request.
  Time since last request: 0.000267 seconds.
  path: Assets/shaders/water/wata.mat
  artifactKey: Guid(b01ca45bd18279d4ca313fd1108a7d39) Importer(815301076,1909f56bfc062723c751e8b465ee728b)
Start importing Assets/shaders/water/wata.mat using Guid(b01ca45bd18279d4ca313fd1108a7d39) Importer(815301076,1909f56bfc062723c751e8b465ee728b)  -> (artifact id: 'efe9d7b7b9ea0c7beb447f92063a5006') in 0.776752 seconds 
  Import took 0.782169 seconds .

========================================================================
Received Import Request.
  Time since last request: 0.000244 seconds.
  path: Assets/shaders/volume shader/OutlineBlitMaterial.mat
  artifactKey: Guid(e3f074714327a7c4faa25ed54a3f0dc9) Importer(815301076,1909f56bfc062723c751e8b465ee728b)
Start importing Assets/shaders/volume shader/OutlineBlitMaterial.mat using Guid(e3f074714327a7c4faa25ed54a3f0dc9) Importer(815301076,1909f56bfc062723c751e8b465ee728b)  -> (artifact id: '793c43e334a4d8aa5f86697fa02f2b4a') in 0.016935 seconds 
  Import took 0.022336 seconds .

========================================================================
Received Prepare
Registering precompiled user dll's ...
Registered in 0.008953 seconds.
Begin MonoManager ReloadAssembly
Native extension for WindowsStandalone target not found
Refreshing native plugins compatible for Editor in 0.78 ms, found 2 plugins.
Preloading 0 native plugins for Editor in 0.00 ms.
Mono: successfully reloaded assembly
- Completed reload, in  2.041 seconds
Domain Reload Profiling:
	ReloadAssembly (2041ms)
		BeginReloadAssembly (125ms)
			ExecutionOrderSort (0ms)
			DisableScriptedObjects (7ms)
			BackupInstance (0ms)
			ReleaseScriptingObjects (0ms)
			CreateAndSetChildDomain (40ms)
		EndReloadAssembly (1857ms)
			LoadAssemblies (106ms)
			RebuildTransferFunctionScriptingTraits (0ms)
			SetupTypeCache (338ms)
			ReleaseScriptCaches (2ms)
			RebuildScriptCaches (63ms)
			SetupLoadedEditorAssemblies (305ms)
				LogAssemblyErrors (0ms)
				InitializePlatformSupportModulesInManaged (3ms)
				SetLoadedEditorAssemblies (0ms)
				RefreshPlugins (1ms)
				BeforeProcessingInitializeOnLoad (91ms)
				ProcessInitializeOnLoadAttributes (181ms)
				ProcessInitializeOnLoadMethodAttributes (25ms)
				AfterProcessingInitializeOnLoad (3ms)
				EditorAssembliesLoaded (0ms)
			ExecutionOrderSort2 (0ms)
			AwakeInstancesAfterBackupRestoration (19ms)
Platform modules already initialized, skipping
Refreshing native plugins compatible for Editor in 0.84 ms, found 2 plugins.
Preloading 0 native plugins for Editor in 0.00 ms.
Unloading 3330 Unused Serialized files (Serialized files now loaded: 0)
System memory in use before: 196.8 MB.
System memory in use after: 197.1 MB.

Unloading 31 unused Assets to reduce memory usage. Loaded Objects now: 4130.
Total: 3.551300 ms (FindLiveObjects: 0.349400 ms CreateObjectMapping: 0.084900 ms MarkObjects: 3.086600 ms  DeleteObjects: 0.028700 ms)

AssetImportParameters requested are different than current active one (requested -> active):
  custom:framework-win-MediaFoundation: 216162199b28c13a410421893ffa2e32 -> 
  custom:video-decoder-ogg-theora: a1e56fd34408186e4bbccfd4996cb3dc -> 
  custom:container-muxer-webm: aa71ff27fc2769a1b78a27578f13a17b -> 
  custom:container-demuxer-webm: 4f35f7cbe854078d1ac9338744f61a02 -> 
  custom:container-demuxer-ogg: 62fdf1f143b41e24485cea50d1cbac27 -> 
  custom:video-encoder-webm-vp8: eb34c28f22e8b96e1ab97ce403110664 -> 
  custom:video-decoder-webm-vp8: 9c59270c3fd7afecdb556c50c9e8de78 -> 
  custom:audio-decoder-ogg-vorbis: bf7c407c2cedff20999df2af8eb42d56 -> 
  custom:audio-encoder-webm-vorbis: bf7c407c2cedff20999df2af8eb42d56 -> 
========================================================================
Received Import Request.
  Time since last request: 859.081797 seconds.
  path: Assets/AI/AIManager.cs
  artifactKey: Guid(f3464063133477340aef15e475b877e7) Importer(815301076,1909f56bfc062723c751e8b465ee728b)
Start importing Assets/AI/AIManager.cs using Guid(f3464063133477340aef15e475b877e7) Importer(815301076,1909f56bfc062723c751e8b465ee728b)  -> (artifact id: '11e3835d087a40538393d9e53dfe924f') in 0.022034 seconds 
  Import took 0.027679 seconds .

========================================================================
Received Prepare
Registering precompiled user dll's ...
Registered in 0.010025 seconds.
Begin MonoManager ReloadAssembly
Native extension for WindowsStandalone target not found
Refreshing native plugins compatible for Editor in 0.90 ms, found 2 plugins.
Preloading 0 native plugins for Editor in 0.00 ms.
Mono: successfully reloaded assembly
- Completed reload, in  2.210 seconds
Domain Reload Profiling:
	ReloadAssembly (2211ms)
		BeginReloadAssembly (141ms)
			ExecutionOrderSort (0ms)
			DisableScriptedObjects (6ms)
			BackupInstance (0ms)
			ReleaseScriptingObjects (0ms)
			CreateAndSetChildDomain (57ms)
		EndReloadAssembly (2006ms)
			LoadAssemblies (107ms)
			RebuildTransferFunctionScriptingTraits (0ms)
			SetupTypeCache (350ms)
			ReleaseScriptCaches (2ms)
			RebuildScriptCaches (63ms)
			SetupLoadedEditorAssemblies (415ms)
				LogAssemblyErrors (0ms)
				InitializePlatformSupportModulesInManaged (4ms)
				SetLoadedEditorAssemblies (1ms)
				RefreshPlugins (1ms)
				BeforeProcessingInitializeOnLoad (153ms)
				ProcessInitializeOnLoadAttributes (227ms)
				ProcessInitializeOnLoadMethodAttributes (26ms)
				AfterProcessingInitializeOnLoad (3ms)
				EditorAssembliesLoaded (0ms)
			ExecutionOrderSort2 (0ms)
			AwakeInstancesAfterBackupRestoration (20ms)
Platform modules already initialized, skipping
Refreshing native plugins compatible for Editor in 0.80 ms, found 2 plugins.
Preloading 0 native plugins for Editor in 0.00 ms.
Unloading 3330 Unused Serialized files (Serialized files now loaded: 0)
System memory in use before: 196.8 MB.
System memory in use after: 197.1 MB.

Unloading 31 unused Assets to reduce memory usage. Loaded Objects now: 4133.
Total: 3.652600 ms (FindLiveObjects: 0.317300 ms CreateObjectMapping: 0.086300 ms MarkObjects: 3.218100 ms  DeleteObjects: 0.029400 ms)

AssetImportParameters requested are different than current active one (requested -> active):
  custom:framework-win-MediaFoundation: 216162199b28c13a410421893ffa2e32 -> 
  custom:video-decoder-ogg-theora: a1e56fd34408186e4bbccfd4996cb3dc -> 
  custom:container-muxer-webm: aa71ff27fc2769a1b78a27578f13a17b -> 
  custom:container-demuxer-webm: 4f35f7cbe854078d1ac9338744f61a02 -> 
  custom:container-demuxer-ogg: 62fdf1f143b41e24485cea50d1cbac27 -> 
  custom:video-encoder-webm-vp8: eb34c28f22e8b96e1ab97ce403110664 -> 
  custom:video-decoder-webm-vp8: 9c59270c3fd7afecdb556c50c9e8de78 -> 
  custom:audio-decoder-ogg-vorbis: bf7c407c2cedff20999df2af8eb42d56 -> 
  custom:audio-encoder-webm-vorbis: bf7c407c2cedff20999df2af8eb42d56 -> 
========================================================================
Received Prepare
Registering precompiled user dll's ...
Registered in 0.009035 seconds.
Begin MonoManager ReloadAssembly
Native extension for WindowsStandalone target not found
Refreshing native plugins compatible for Editor in 1.27 ms, found 2 plugins.
Preloading 0 native plugins for Editor in 0.00 ms.
Mono: successfully reloaded assembly
- Completed reload, in  2.166 seconds
Domain Reload Profiling:
	ReloadAssembly (2167ms)
		BeginReloadAssembly (117ms)
			ExecutionOrderSort (0ms)
			DisableScriptedObjects (5ms)
			BackupInstance (0ms)
			ReleaseScriptingObjects (0ms)
			CreateAndSetChildDomain (37ms)
		EndReloadAssembly (1988ms)
			LoadAssemblies (106ms)
			RebuildTransferFunctionScriptingTraits (0ms)
			SetupTypeCache (405ms)
			ReleaseScriptCaches (2ms)
			RebuildScriptCaches (71ms)
			SetupLoadedEditorAssemblies (343ms)
				LogAssemblyErrors (0ms)
				InitializePlatformSupportModulesInManaged (3ms)
				SetLoadedEditorAssemblies (1ms)
				RefreshPlugins (1ms)
				BeforeProcessingInitializeOnLoad (99ms)
				ProcessInitializeOnLoadAttributes (207ms)
				ProcessInitializeOnLoadMethodAttributes (28ms)
				AfterProcessingInitializeOnLoad (3ms)
				EditorAssembliesLoaded (0ms)
			ExecutionOrderSort2 (0ms)
			AwakeInstancesAfterBackupRestoration (20ms)
Platform modules already initialized, skipping
Refreshing native plugins compatible for Editor in 1.22 ms, found 2 plugins.
Preloading 0 native plugins for Editor in 0.00 ms.
Unloading 3330 Unused Serialized files (Serialized files now loaded: 0)
System memory in use before: 196.9 MB.
System memory in use after: 197.1 MB.

Unloading 31 unused Assets to reduce memory usage. Loaded Objects now: 4136.
Total: 4.747300 ms (FindLiveObjects: 0.327800 ms CreateObjectMapping: 0.081600 ms MarkObjects: 4.280200 ms  DeleteObjects: 0.056100 ms)

AssetImportParameters requested are different than current active one (requested -> active):
  custom:framework-win-MediaFoundation: 216162199b28c13a410421893ffa2e32 -> 
  custom:video-decoder-ogg-theora: a1e56fd34408186e4bbccfd4996cb3dc -> 
  custom:container-muxer-webm: aa71ff27fc2769a1b78a27578f13a17b -> 
  custom:container-demuxer-webm: 4f35f7cbe854078d1ac9338744f61a02 -> 
  custom:container-demuxer-ogg: 62fdf1f143b41e24485cea50d1cbac27 -> 
  custom:video-encoder-webm-vp8: eb34c28f22e8b96e1ab97ce403110664 -> 
  custom:video-decoder-webm-vp8: 9c59270c3fd7afecdb556c50c9e8de78 -> 
  custom:audio-decoder-ogg-vorbis: bf7c407c2cedff20999df2af8eb42d56 -> 
  custom:audio-encoder-webm-vorbis: bf7c407c2cedff20999df2af8eb42d56 -> 
AssetImportWorkerClient::OnTransportError - code=2 error=End of file
